[DEBUG] 2021-07-09 18:00:45,021 turn_based_env.py:300 - PARTY 0 --(basic)-> ENEMY [0]

[DEBUG] 2021-07-09 18:00:45,021 turn_based_env.py:340 - ENEMY 0 (test_enemy) --(basic)-> PARTY [0]

[DEBUG] 2021-07-09 18:00:45,021 turn_based_env.py:340 - ENEMY 1 (test_enemy) --(basic)-> PARTY [0]

[INFO] 2021-07-09 18:00:45,060 turn_based_env.py:324 - STEP 0: reward=0, is_terminal=False
state:
difficulty=1
gold=0
turns_left=1
global_step=3

PARTY_STATUS
        name  hp  mp  attack  defense statuses  ...  weapon armor  items max_hp max_mp status
0  test_ally   8   5       2        0       []  ...    None  None     []     10      5   None

[1 rows x 15 columns]

ENEMY_STATUS
         name  hp  mp  attack  defense  ... max_level  gold max_hp  max_mp  status
0  test_enemy   3   5       1        0  ...         9     1      5       5    None
1  test_enemy   5   5       1        0  ...         9     1      5       5    None

[2 rows x 15 columns]


[DEBUG] 2021-07-09 18:00:45,060 turn_based_env.py:300 - PARTY 0 --(basic)-> ENEMY [0]

[DEBUG] 2021-07-09 18:00:45,061 turn_based_env.py:340 - ENEMY 0 (test_enemy) --(basic)-> PARTY [0]

[DEBUG] 2021-07-09 18:00:45,062 turn_based_env.py:340 - ENEMY 1 (test_enemy) --(basic)-> PARTY [0]

[DEBUG] 2021-07-09 18:00:45,112 turn_based_env.py:326 - STEP 1: reward=0, is_terminal=False
state:
difficulty=1
gold=0
turns_left=1
global_step=6

PARTY_STATUS
        name  hp  mp  attack  defense statuses  ...  weapon armor  items max_hp max_mp status
0  test_ally   6   5       2        0       []  ...    None  None     []     10      5   None

[1 rows x 15 columns]

ENEMY_STATUS
         name  hp  mp  attack  defense  ... max_level  gold max_hp  max_mp  status
0  test_enemy   1   5       1        0  ...         9     1      5       5    None
1  test_enemy   5   5       1        0  ...         9     1      5       5    None

[2 rows x 15 columns]


[DEBUG] 2021-07-09 18:00:45,112 turn_based_env.py:300 - PARTY 0 --(basic)-> ENEMY [0]

[INFO] 2021-07-09 18:00:45,113 turn_based_env.py:81 - KILL: ENEMY 0 (+1)

[DEBUG] 2021-07-09 18:00:45,113 turn_based_env.py:340 - ENEMY 0 (test_enemy) --(basic)-> PARTY [0]

[DEBUG] 2021-07-09 18:00:45,158 turn_based_env.py:326 - STEP 2: reward=1, is_terminal=False
state:
difficulty=1
gold=1
turns_left=1
global_step=8

PARTY_STATUS
        name  hp  mp  attack  defense statuses  ...  weapon armor  items max_hp max_mp status
0  test_ally   5   5       2        0       []  ...    None  None     []     10      5   None

[1 rows x 15 columns]

ENEMY_STATUS
         name  hp  mp  attack  defense  ... max_level  gold max_hp  max_mp  status
0  test_enemy   5   5       1        0  ...         9     1      5       5    None

[1 rows x 15 columns]


[DEBUG] 2021-07-09 18:00:45,159 turn_based_env.py:300 - PARTY 0 --(basic)-> ENEMY [0]

[DEBUG] 2021-07-09 18:00:45,159 turn_based_env.py:340 - ENEMY 0 (test_enemy) --(basic)-> PARTY [0]

[DEBUG] 2021-07-09 18:00:45,195 turn_based_env.py:326 - STEP 3: reward=0, is_terminal=False
state:
difficulty=1
gold=1
turns_left=1
global_step=10

PARTY_STATUS
        name  hp  mp  attack  defense statuses  ...  weapon armor  items max_hp max_mp status
0  test_ally   4   5       2        0       []  ...    None  None     []     10      5   None

[1 rows x 15 columns]

ENEMY_STATUS
         name  hp  mp  attack  defense  ... max_level  gold max_hp  max_mp  status
0  test_enemy   3   5       1        0  ...         9     1      5       5    None

[1 rows x 15 columns]


[DEBUG] 2021-07-09 18:00:45,195 turn_based_env.py:300 - PARTY 0 --(basic)-> ENEMY [0]

[DEBUG] 2021-07-09 18:00:45,195 turn_based_env.py:340 - ENEMY 0 (test_enemy) --(basic)-> PARTY [0]

[DEBUG] 2021-07-09 18:00:45,230 turn_based_env.py:326 - STEP 4: reward=0, is_terminal=False
state:
difficulty=1
gold=1
turns_left=1
global_step=12

PARTY_STATUS
        name  hp  mp  attack  defense statuses  ...  weapon armor  items max_hp max_mp status
0  test_ally   3   5       2        0       []  ...    None  None     []     10      5   None

[1 rows x 15 columns]

ENEMY_STATUS
         name  hp  mp  attack  defense  ... max_level  gold max_hp  max_mp  status
0  test_enemy   1   5       1        0  ...         9     1      5       5    None

[1 rows x 15 columns]


[DEBUG] 2021-07-09 18:00:45,231 turn_based_env.py:300 - PARTY 0 --(basic)-> ENEMY [0]

[INFO] 2021-07-09 18:00:45,231 turn_based_env.py:81 - KILL: ENEMY 0 (+1)

[DEBUG] 2021-07-09 18:00:45,231 turn_based_env.py:312 - GENERATE NEW LEVEL 2 (+0)

[INFO] 2021-07-09 18:00:45,274 turn_based_env.py:324 - STEP 5: reward=1, is_terminal=False
state:
difficulty=2
gold=2
turns_left=1
global_step=13

PARTY_STATUS
        name  hp  mp  attack  defense statuses  ...  weapon armor  items max_hp max_mp status
0  test_ally   3   5       2        0       []  ...    None  None     []     10      5   None

[1 rows x 15 columns]

ENEMY_STATUS
         name  hp  mp  attack  defense  ... min_level  max_level gold  max_hp  max_mp
0  test_enemy   5   5       1        0  ...         0          9    1       5       5
1  test_enemy   5   5       1        0  ...         0          9    1       5       5

[2 rows x 14 columns]


[DEBUG] 2021-07-09 18:00:45,274 turn_based_env.py:300 - PARTY 0 --(basic)-> ENEMY [0]

[DEBUG] 2021-07-09 18:00:45,275 turn_based_env.py:340 - ENEMY 0 (test_enemy) --(basic)-> PARTY [0]

[DEBUG] 2021-07-09 18:00:45,275 turn_based_env.py:340 - ENEMY 1 (test_enemy) --(basic)-> PARTY [0]

[DEBUG] 2021-07-09 18:00:45,319 turn_based_env.py:326 - STEP 6: reward=0, is_terminal=False
state:
difficulty=2
gold=2
turns_left=1
global_step=16

PARTY_STATUS
        name  hp  mp  attack  defense statuses  ...  weapon armor  items max_hp max_mp status
0  test_ally   1   5       2        0       []  ...    None  None     []     10      5   None

[1 rows x 15 columns]

ENEMY_STATUS
         name  hp  mp  attack  defense  ... max_level  gold max_hp  max_mp  status
0  test_enemy   3   5       1        0  ...         9     1      5       5    None
1  test_enemy   5   5       1        0  ...         9     1      5       5    None

[2 rows x 15 columns]


[DEBUG] 2021-07-09 18:00:45,320 turn_based_env.py:300 - PARTY 0 --(basic)-> ENEMY [0]

[DEBUG] 2021-07-09 18:00:45,320 turn_based_env.py:340 - ENEMY 0 (test_enemy) --(basic)-> PARTY [0]

[INFO] 2021-07-09 18:00:45,320 turn_based_env.py:77 - KILL: PARTY 0 (-0)

[DEBUG] 2021-07-09 18:00:45,338 turn_based_env.py:326 - STEP 7: reward=0, is_terminal=True
state:
difficulty=2
gold=2
turns_left=0
global_step=18

PARTY_STATUS
Empty DataFrame
Columns: []
Index: []

ENEMY_STATUS
         name  hp  mp  attack  defense  ... max_level  gold max_hp  max_mp  status
0  test_enemy   1   5       1        0  ...         9     1      5       5    None
1  test_enemy   5   5       1        0  ...         9     1      5       5    None

[2 rows x 15 columns]


